

Microchip MPLAB XC8 Assembler V2.32 build 20210201212658 
                                                                                               Wed Jun 26 12:40:25 2024

Microchip MPLAB XC8 C Compiler v2.32 (Free license) build 20210201212658 Og1 
     1                           	processor	18F4550
     2                           	fnconf	rparam,??,?,0
     3                           	pagewidth 120
     4                           	opt	flic
     5                           	psect	cinit,global,reloc=2,class=CODE,delta=1
     6                           	psect	cstackCOMRAM,global,class=COMRAM,space=1,delta=1,lowdata,noexec
     7                           	psect	text0,global,reloc=2,class=CODE,delta=1
     8                           	psect	intsave_regs,global,class=BIGRAM,space=1,delta=1,noexec
     9                           	psect	rparam,global,class=COMRAM,space=1,delta=1,noexec
    10                           	psect	idloc,global,abs,ovrld,class=IDLOC,space=5,delta=1,noexec
    11                           	psect	config,global,abs,ovrld,class=CONFIG,space=4,delta=1,noexec
    12  0000                     
    13                           ; Generated 23/03/2023 GMT
    14                           ; 
    15                           ; Copyright © 2023, Microchip Technology Inc. and its subsidiaries ("Microchip")
    16                           ; All rights reserved.
    17                           ; 
    18                           ; This software is developed by Microchip Technology Inc. and its subsidiaries ("Microch
      +                          ip").
    19                           ; 
    20                           ; Redistribution and use in source and binary forms, with or without modification, are
    21                           ; permitted provided that the following conditions are met:
    22                           ; 
    23                           ;     1. Redistributions of source code must retain the above copyright notice, this lis
      +                          t of
    24                           ;        conditions and the following disclaimer.
    25                           ; 
    26                           ;     2. Redistributions in binary form must reproduce the above copyright notice, this 
      +                          list
    27                           ;        of conditions and the following disclaimer in the documentation and/or other
    28                           ;        materials provided with the distribution. Publication is not required when
    29                           ;        this file is used in an embedded application.
    30                           ; 
    31                           ;     3. Microchip's name may not be used to endorse or promote products derived from th
      +                          is
    32                           ;        software without specific prior written permission.
    33                           ; 
    34                           ; THIS SOFTWARE IS PROVIDED BY MICROCHIP "AS IS" AND ANY EXPRESS OR IMPLIED WARRANTIES,
    35                           ; INCLUDING, BUT NOT LIMITED TO, THE IMPLIED WARRANTIES OF MERCHANTABILITY AND FITNESS F
      +                          OR
    36                           ; PURPOSE ARE DISCLAIMED.  IN NO EVENT SHALL MICROCHIP BE LIABLE FOR ANY DIRECT, INDIREC
      +                          T,
    37                           ; INCIDENTAL, SPECIAL, EXEMPLARY, OR CONSEQUENTIAL DAMAGES (INCLUDING BUT NOT LIMITED TO
    38                           ; PROCUREMENT OF SUBSTITUTE GOODS OR SERVICES; LOSS OF USE, DATA OR PROFITS; OR BUSINESS
    39                           ; INTERRUPTION) HOWSOEVER CAUSED AND ON ANY THEORY OF LIABILITY, WHETHER IN CONTRACT, ST
      +                          RICT
    40                           ; LIABILITY, OR TORT (INCLUDING NEGLIGENCE OR OTHERWISE) ARISING IN ANY WAY OUT OF THE U
      +                          SE OF
    41                           ; THIS SOFTWARE, EVEN IF ADVISED OF THE POSSIBILITY OF SUCH DAMAGE.
    42                           ; 
    43                           ; 
    44                           ; Code-generator required, PIC18F4550 Definitions
    45                           ; 
    46                           ; SFR Addresses
    47  0000                     _TRISD	set	3989
    48  0000                     _LATD	set	3980
    49  0000                     _PORTD	set	3971
    50  0000                     _TRISC	set	3988
    51  0000                     _UCFG	set	3951
    52  0000                     _UCON	set	3949
    53  0000                     _LATC	set	3979
    54  0000                     _PORTC	set	3970
    55  0000                     _TRISB	set	3987
    56  0000                     _LATB	set	3978
    57  0000                     _PORTB	set	3969
    58  0000                     _TRISA	set	3986
    59  0000                     _CMCON	set	4020
    60  0000                     _ADCON1	set	4033
    61  0000                     _LATA	set	3977
    62  0000                     _PORTA	set	3968
    63                           
    64                           ; #config settings
    65                           
    66                           	psect	cinit
    67  007EB6                     __pcinit:
    68                           	callstack 0
    69  007EB6                     start_initialization:
    70                           	callstack 0
    71  007EB6                     __initialization:
    72                           	callstack 0
    73  007EB6                     end_of_initialization:
    74                           	callstack 0
    75  007EB6                     __end_of__initialization:
    76                           	callstack 0
    77  007EB6  0E00               	movlw	low (__Lmediumconst shr (0+16))
    78  007EB8  6EF8               	movwf	tblptru,c
    79  007EBA  0100               	movlb	0
    80  007EBC  EF60  F03F         	goto	_main	;jump to C main() function
    81                           
    82                           	psect	cstackCOMRAM
    83  000001                     __pcstackCOMRAM:
    84                           	callstack 0
    85  000001                     ??_main:
    86                           
    87                           ; 1 bytes @ 0x0
    88  000001                     	ds	2
    89  000003                     main@data:
    90                           	callstack 0
    91                           
    92                           ; 1 bytes @ 0x2
    93  000003                     	ds	1
    94                           
    95 ;;
    96 ;;Main: autosize = 0, tempsize = 2, incstack = 0, save=0
    97 ;;
    98 ;; *************** function _main *****************
    99 ;; Defined at:
   100 ;;		line 17 in file "main.c"
   101 ;; Parameters:    Size  Location     Type
   102 ;;		None
   103 ;; Auto vars:     Size  Location     Type
   104 ;;  data            1    2[COMRAM] unsigned char 
   105 ;; Return value:  Size  Location     Type
   106 ;;                  1    wreg      void 
   107 ;; Registers used:
   108 ;;		wreg, status,2, status,0
   109 ;; Tracked objects:
   110 ;;		On entry : 0/0
   111 ;;		On exit  : 0/0
   112 ;;		Unchanged: 0/0
   113 ;; Data sizes:     COMRAM   BANK0   BANK1   BANK2   BANK3   BANK4   BANK5   BANK6   BANK7
   114 ;;      Params:         0       0       0       0       0       0       0       0       0
   115 ;;      Locals:         1       0       0       0       0       0       0       0       0
   116 ;;      Temps:          2       0       0       0       0       0       0       0       0
   117 ;;      Totals:         3       0       0       0       0       0       0       0       0
   118 ;;Total ram usage:        3 bytes
   119 ;; This function calls:
   120 ;;		Nothing
   121 ;; This function is called by:
   122 ;;		Startup code after reset
   123 ;; This function uses a non-reentrant model
   124 ;;
   125                           
   126                           	psect	text0
   127  007EC0                     __ptext0:
   128                           	callstack 0
   129  007EC0                     _main:
   130                           	callstack 31
   131  007EC0                     
   132                           ;main.c: 22:     PORTA = 0x00;
   133  007EC0  0E00               	movlw	0
   134  007EC2  6E80               	movwf	128,c	;volatile
   135                           
   136                           ;main.c: 23:     LATA = 0x00;
   137  007EC4  0E00               	movlw	0
   138  007EC6  6E89               	movwf	137,c	;volatile
   139                           
   140                           ;main.c: 24:     ADCON1 = 0x0F;
   141  007EC8  0E0F               	movlw	15
   142  007ECA  6EC1               	movwf	193,c	;volatile
   143                           
   144                           ;main.c: 25:     CMCON = 0x07;
   145  007ECC  0E07               	movlw	7
   146  007ECE  6EB4               	movwf	180,c	;volatile
   147  007ED0                     
   148                           ;main.c: 26:     TRISA |= 0x3F;
   149  007ED0  0E3F               	movlw	63
   150  007ED2  1292               	iorwf	146,f,c	;volatile
   151  007ED4                     
   152                           ;main.c: 29:     PORTB = 0x00;
   153  007ED4  0E00               	movlw	0
   154  007ED6  6E81               	movwf	129,c	;volatile
   155  007ED8                     
   156                           ;main.c: 30:     LATB = 0x00;
   157  007ED8  0E00               	movlw	0
   158  007EDA  6E8A               	movwf	138,c	;volatile
   159  007EDC                     
   160                           ;main.c: 31:     TRISB = 0xFF;
   161  007EDC  6893               	setf	147,c	;volatile
   162  007EDE                     
   163                           ;main.c: 35:     PORTC = 0x00;
   164  007EDE  0E00               	movlw	0
   165  007EE0  6E82               	movwf	130,c	;volatile
   166  007EE2                     
   167                           ;main.c: 36:     LATC = 0x00;
   168  007EE2  0E00               	movlw	0
   169  007EE4  6E8B               	movwf	139,c	;volatile
   170  007EE6                     
   171                           ;main.c: 38:     UCON &= 0b11110111;
   172  007EE6  966D               	bcf	109,3,c	;volatile
   173  007EE8                     
   174                           ;main.c: 40:     UCFG |= 0b00001000;
   175  007EE8  866F               	bsf	111,3,c	;volatile
   176  007EEA                     
   177                           ;main.c: 42:     TRISC |= 0xF0;
   178  007EEA  0EF0               	movlw	240
   179  007EEC  1294               	iorwf	148,f,c	;volatile
   180                           
   181                           ;main.c: 45:     PORTD = 0x00;
   182  007EEE  0E00               	movlw	0
   183  007EF0  6E83               	movwf	131,c	;volatile
   184                           
   185                           ;main.c: 46:     LATD = 0x00;
   186  007EF2  0E00               	movlw	0
   187  007EF4  6E8C               	movwf	140,c	;volatile
   188                           
   189                           ;main.c: 47:     TRISD = 0x00;
   190  007EF6  0E00               	movlw	0
   191  007EF8  6E95               	movwf	149,c	;volatile
   192  007EFA                     l752:
   193                           
   194                           ;main.c: 55:         data = PORTC >> 4;
   195  007EFA  3882               	swapf	130,w,c	;volatile
   196  007EFC  0B0F               	andlw	15
   197  007EFE  6E03               	movwf	main@data^0,c
   198                           
   199                           ;main.c: 56:         switch(data){
   200  007F00  EFBB  F03F         	goto	l776
   201  007F04                     l41:
   202                           
   203                           ;main.c: 58:                 LATD = PORTA;
   204  007F04  CF80 FF8C          	movff	3968,3980	;volatile
   205                           
   206                           ;main.c: 59:                 break;
   207  007F08  EFF4  F03F         	goto	l778
   208  007F0C                     l43:
   209                           
   210                           ;main.c: 61:                 LATD = PORTB;
   211  007F0C  CF81 FF8C          	movff	3969,3980	;volatile
   212                           
   213                           ;main.c: 62:                 break;
   214  007F10  EFF4  F03F         	goto	l778
   215  007F14                     l754:
   216                           
   217                           ;main.c: 64:                 LATD = PORTB + PORTA;
   218  007F14  5081               	movf	129,w,c	;volatile
   219  007F16  2480               	addwf	128,w,c	;volatile
   220  007F18  6E8C               	movwf	140,c	;volatile
   221                           
   222                           ;main.c: 65:                 break;
   223  007F1A  EFF4  F03F         	goto	l778
   224  007F1E                     l756:
   225                           
   226                           ;main.c: 67:                 LATD = PORTB - PORTA;
   227  007F1E  5080               	movf	128,w,c	;volatile
   228  007F20  5C81               	subwf	129,w,c	;volatile
   229  007F22  6E8C               	movwf	140,c	;volatile
   230                           
   231                           ;main.c: 68:                 break;
   232  007F24  EFF4  F03F         	goto	l778
   233  007F28                     l758:
   234                           
   235                           ;main.c: 70:                 LATD = PORTB & PORTA;
   236  007F28  5081               	movf	129,w,c	;volatile
   237  007F2A  1480               	andwf	128,w,c	;volatile
   238  007F2C  6E8C               	movwf	140,c	;volatile
   239                           
   240                           ;main.c: 71:                 break;
   241  007F2E  EFF4  F03F         	goto	l778
   242  007F32                     l760:
   243                           
   244                           ;main.c: 73:                 LATD = PORTB | PORTA;
   245  007F32  5081               	movf	129,w,c	;volatile
   246  007F34  1080               	iorwf	128,w,c	;volatile
   247  007F36  6E8C               	movwf	140,c	;volatile
   248                           
   249                           ;main.c: 74:                 break;
   250  007F38  EFF4  F03F         	goto	l778
   251  007F3C                     l762:
   252                           
   253                           ;main.c: 76:                 LATD = PORTB ^ PORTA;
   254  007F3C  5081               	movf	129,w,c	;volatile
   255  007F3E  1880               	xorwf	128,w,c	;volatile
   256  007F40  6E8C               	movwf	140,c	;volatile
   257                           
   258                           ;main.c: 77:                 break;
   259  007F42  EFF4  F03F         	goto	l778
   260  007F46                     l764:
   261                           
   262                           ;main.c: 79:                 LATD = ~PORTB;
   263  007F46  5081               	movf	129,w,c	;volatile
   264  007F48  0AFF               	xorlw	255
   265  007F4A  6E8C               	movwf	140,c	;volatile
   266                           
   267                           ;main.c: 80:                 break;
   268  007F4C  EFF4  F03F         	goto	l778
   269  007F50                     l766:
   270                           
   271                           ;main.c: 82:                 LATD = ~PORTA;
   272  007F50  5080               	movf	128,w,c	;volatile
   273  007F52  0AFF               	xorlw	255
   274  007F54  6E8C               	movwf	140,c	;volatile
   275                           
   276                           ;main.c: 83:                 break;
   277  007F56  EFF4  F03F         	goto	l778
   278  007F5A                     l768:
   279                           
   280                           ;main.c: 85:                 LATD = PORTB << 4;
   281  007F5A  3881               	swapf	129,w,c	;volatile
   282  007F5C  0BF0               	andlw	240
   283  007F5E  6E8C               	movwf	140,c	;volatile
   284                           
   285                           ;main.c: 86:                 break;
   286  007F60  EFF4  F03F         	goto	l778
   287  007F64                     l770:
   288                           
   289                           ;main.c: 88:                 LATD = PORTA << 4;
   290  007F64  3880               	swapf	128,w,c	;volatile
   291  007F66  0BF0               	andlw	240
   292  007F68  6E8C               	movwf	140,c	;volatile
   293                           
   294                           ;main.c: 89:                 break;
   295  007F6A  EFF4  F03F         	goto	l778
   296  007F6E                     l772:
   297                           
   298                           ;main.c: 91:                 LATD = 0xF0;
   299  007F6E  0EF0               	movlw	240
   300  007F70  6E8C               	movwf	140,c	;volatile
   301                           
   302                           ;main.c: 92:                 break;
   303  007F72  EFF4  F03F         	goto	l778
   304  007F76                     l776:
   305  007F76  5003               	movf	main@data^0,w,c
   306  007F78  6E01               	movwf	??_main^0,c
   307  007F7A  6A02               	clrf	(??_main+1)^0,c
   308                           
   309                           ; Switch on 2 bytes has been partitioned into a top level switch of size 1, and 1 sub-sw
      +                          itches
   310                           ; Switch size 1, requested type "simple"
   311                           ; Number of cases is 1, Range of values is 0 to 0
   312                           ; switch strategies available:
   313                           ; Name         Instructions Cycles
   314                           ; simple_byte            4     3 (average)
   315                           ;	Chosen strategy is simple_byte
   316  007F7C  5002               	movf	(??_main+1)^0,w,c
   317  007F7E  0A00               	xorlw	0	; case 0
   318  007F80  B4D8               	btfsc	status,2,c
   319  007F82  EFC5  F03F         	goto	l788
   320  007F86  EFB7  F03F         	goto	l772
   321  007F8A                     l788:
   322                           
   323                           ; Switch size 1, requested type "simple"
   324                           ; Number of cases is 11, Range of values is 0 to 10
   325                           ; switch strategies available:
   326                           ; Name         Instructions Cycles
   327                           ; simple_byte           34    18 (average)
   328                           ;	Chosen strategy is simple_byte
   329  007F8A  5001               	movf	??_main^0,w,c
   330  007F8C  0A00               	xorlw	0	; case 0
   331  007F8E  B4D8               	btfsc	status,2,c
   332  007F90  EF82  F03F         	goto	l41
   333  007F94  0A01               	xorlw	1	; case 1
   334  007F96  B4D8               	btfsc	status,2,c
   335  007F98  EF86  F03F         	goto	l43
   336  007F9C  0A03               	xorlw	3	; case 2
   337  007F9E  B4D8               	btfsc	status,2,c
   338  007FA0  EF8A  F03F         	goto	l754
   339  007FA4  0A01               	xorlw	1	; case 3
   340  007FA6  B4D8               	btfsc	status,2,c
   341  007FA8  EF8F  F03F         	goto	l756
   342  007FAC  0A07               	xorlw	7	; case 4
   343  007FAE  B4D8               	btfsc	status,2,c
   344  007FB0  EF94  F03F         	goto	l758
   345  007FB4  0A01               	xorlw	1	; case 5
   346  007FB6  B4D8               	btfsc	status,2,c
   347  007FB8  EF99  F03F         	goto	l760
   348  007FBC  0A03               	xorlw	3	; case 6
   349  007FBE  B4D8               	btfsc	status,2,c
   350  007FC0  EF9E  F03F         	goto	l762
   351  007FC4  0A01               	xorlw	1	; case 7
   352  007FC6  B4D8               	btfsc	status,2,c
   353  007FC8  EFA3  F03F         	goto	l764
   354  007FCC  0A0F               	xorlw	15	; case 8
   355  007FCE  B4D8               	btfsc	status,2,c
   356  007FD0  EFA8  F03F         	goto	l766
   357  007FD4  0A01               	xorlw	1	; case 9
   358  007FD6  B4D8               	btfsc	status,2,c
   359  007FD8  EFAD  F03F         	goto	l768
   360  007FDC  0A03               	xorlw	3	; case 10
   361  007FDE  B4D8               	btfsc	status,2,c
   362  007FE0  EFB2  F03F         	goto	l770
   363  007FE4  EFB7  F03F         	goto	l772
   364  007FE8                     l778:
   365                           
   366                           ;main.c: 95:         _delay((unsigned long)((10)*(20000000/4000.0)));
   367  007FE8  0E41               	movlw	65
   368  007FEA  6E01               	movwf	??_main^0,c
   369  007FEC  0EEE               	movlw	238
   370  007FEE                     u17:
   371  007FEE  2EE8               	decfsz	wreg,f,c
   372  007FF0  D7FE               	bra	u17
   373  007FF2  2E01               	decfsz	??_main^0,f,c
   374  007FF4  D7FC               	bra	u17
   375  007FF6  D000               	nop2	
   376  007FF8  EF7D  F03F         	goto	l752
   377  007FFC  EF00  F000         	goto	start
   378  008000                     __end_of_main:
   379                           	callstack 0
   380  0000                     
   381                           	psect	rparam
   382  0000                     
   383                           	psect	idloc
   384                           
   385                           ;Config register IDLOC0 @ 0x200000
   386                           ;	unspecified, using default values
   387  200000                     	org	2097152
   388  200000  FF                 	db	255
   389                           
   390                           ;Config register IDLOC1 @ 0x200001
   391                           ;	unspecified, using default values
   392  200001                     	org	2097153
   393  200001  FF                 	db	255
   394                           
   395                           ;Config register IDLOC2 @ 0x200002
   396                           ;	unspecified, using default values
   397  200002                     	org	2097154
   398  200002  FF                 	db	255
   399                           
   400                           ;Config register IDLOC3 @ 0x200003
   401                           ;	unspecified, using default values
   402  200003                     	org	2097155
   403  200003  FF                 	db	255
   404                           
   405                           ;Config register IDLOC4 @ 0x200004
   406                           ;	unspecified, using default values
   407  200004                     	org	2097156
   408  200004  FF                 	db	255
   409                           
   410                           ;Config register IDLOC5 @ 0x200005
   411                           ;	unspecified, using default values
   412  200005                     	org	2097157
   413  200005  FF                 	db	255
   414                           
   415                           ;Config register IDLOC6 @ 0x200006
   416                           ;	unspecified, using default values
   417  200006                     	org	2097158
   418  200006  FF                 	db	255
   419                           
   420                           ;Config register IDLOC7 @ 0x200007
   421                           ;	unspecified, using default values
   422  200007                     	org	2097159
   423  200007  FF                 	db	255
   424                           
   425                           	psect	config
   426                           
   427                           ;Config register CONFIG1L @ 0x300000
   428                           ;	PLL Prescaler Selection bits
   429                           ;	PLLDIV = 1, No prescale (4 MHz oscillator input drives PLL directly)
   430                           ;	System Clock Postscaler Selection bits
   431                           ;	CPUDIV = OSC1_PLL2, [Primary Oscillator Src: /1][96 MHz PLL Src: /2]
   432                           ;	USB Clock Selection bit (used in Full-Speed USB mode only; UCFG:FSEN = 1)
   433                           ;	USBDIV = 1, USB clock source comes directly from the primary oscillator block with no 
      +                          postscale
   434  300000                     	org	3145728
   435  300000  00                 	db	0
   436                           
   437                           ;Config register CONFIG1H @ 0x300001
   438                           ;	Oscillator Selection bits
   439                           ;	FOSC = HS, HS oscillator (HS)
   440                           ;	Fail-Safe Clock Monitor Enable bit
   441                           ;	FCMEN = OFF, Fail-Safe Clock Monitor disabled
   442                           ;	Internal/External Oscillator Switchover bit
   443                           ;	IESO = OFF, Oscillator Switchover mode disabled
   444  300001                     	org	3145729
   445  300001  0C                 	db	12
   446                           
   447                           ;Config register CONFIG2L @ 0x300002
   448                           ;	Power-up Timer Enable bit
   449                           ;	PWRT = OFF, PWRT disabled
   450                           ;	Brown-out Reset Enable bits
   451                           ;	BOR = ON, Brown-out Reset enabled in hardware only (SBOREN is disabled)
   452                           ;	Brown-out Reset Voltage bits
   453                           ;	BORV = 3, Minimum setting 2.05V
   454                           ;	USB Voltage Regulator Enable bit
   455                           ;	VREGEN = OFF, USB voltage regulator disabled
   456  300002                     	org	3145730
   457  300002  1F                 	db	31
   458                           
   459                           ;Config register CONFIG2H @ 0x300003
   460                           ;	Watchdog Timer Enable bit
   461                           ;	WDT = OFF, WDT disabled (control is placed on the SWDTEN bit)
   462                           ;	Watchdog Timer Postscale Select bits
   463                           ;	WDTPS = 32768, 1:32768
   464  300003                     	org	3145731
   465  300003  1E                 	db	30
   466                           
   467                           ; Padding undefined space
   468  300004                     	org	3145732
   469  300004  FF                 	db	255
   470                           
   471                           ;Config register CONFIG3H @ 0x300005
   472                           ;	CCP2 MUX bit
   473                           ;	CCP2MX = ON, CCP2 input/output is multiplexed with RC1
   474                           ;	PORTB A/D Enable bit
   475                           ;	PBADEN = OFF, PORTB<4:0> pins are configured as digital I/O on Reset
   476                           ;	Low-Power Timer 1 Oscillator Enable bit
   477                           ;	LPT1OSC = OFF, Timer1 configured for higher power operation
   478                           ;	MCLR Pin Enable bit
   479                           ;	MCLRE = ON, MCLR pin enabled; RE3 input pin disabled
   480  300005                     	org	3145733
   481  300005  81                 	db	129
   482                           
   483                           ;Config register CONFIG4L @ 0x300006
   484                           ;	Stack Full/Underflow Reset Enable bit
   485                           ;	STVREN = ON, Stack full/underflow will cause Reset
   486                           ;	Single-Supply ICSP Enable bit
   487                           ;	LVP = OFF, Single-Supply ICSP disabled
   488                           ;	Dedicated In-Circuit Debug/Programming Port (ICPORT) Enable bit
   489                           ;	ICPRT = OFF, ICPORT disabled
   490                           ;	Extended Instruction Set Enable bit
   491                           ;	XINST = OFF, Instruction set extension and Indexed Addressing mode disabled (Legacy mo
      +                          de)
   492                           ;	Background Debugger Enable bit
   493                           ;	DEBUG = 0x1, unprogrammed default
   494  300006                     	org	3145734
   495  300006  81                 	db	129
   496                           
   497                           ; Padding undefined space
   498  300007                     	org	3145735
   499  300007  FF                 	db	255
   500                           
   501                           ;Config register CONFIG5L @ 0x300008
   502                           ;	Code Protection bit
   503                           ;	CP0 = OFF, Block 0 (000800-001FFFh) is not code-protected
   504                           ;	Code Protection bit
   505                           ;	CP1 = OFF, Block 1 (002000-003FFFh) is not code-protected
   506                           ;	Code Protection bit
   507                           ;	CP2 = OFF, Block 2 (004000-005FFFh) is not code-protected
   508                           ;	Code Protection bit
   509                           ;	CP3 = OFF, Block 3 (006000-007FFFh) is not code-protected
   510  300008                     	org	3145736
   511  300008  0F                 	db	15
   512                           
   513                           ;Config register CONFIG5H @ 0x300009
   514                           ;	Boot Block Code Protection bit
   515                           ;	CPB = OFF, Boot block (000000-0007FFh) is not code-protected
   516                           ;	Data EEPROM Code Protection bit
   517                           ;	CPD = OFF, Data EEPROM is not code-protected
   518  300009                     	org	3145737
   519  300009  C0                 	db	192
   520                           
   521                           ;Config register CONFIG6L @ 0x30000A
   522                           ;	Write Protection bit
   523                           ;	WRT0 = OFF, Block 0 (000800-001FFFh) is not write-protected
   524                           ;	Write Protection bit
   525                           ;	WRT1 = OFF, Block 1 (002000-003FFFh) is not write-protected
   526                           ;	Write Protection bit
   527                           ;	WRT2 = OFF, Block 2 (004000-005FFFh) is not write-protected
   528                           ;	Write Protection bit
   529                           ;	WRT3 = OFF, Block 3 (006000-007FFFh) is not write-protected
   530  30000A                     	org	3145738
   531  30000A  0F                 	db	15
   532                           
   533                           ;Config register CONFIG6H @ 0x30000B
   534                           ;	Configuration Register Write Protection bit
   535                           ;	WRTC = OFF, Configuration registers (300000-3000FFh) are not write-protected
   536                           ;	Boot Block Write Protection bit
   537                           ;	WRTB = OFF, Boot block (000000-0007FFh) is not write-protected
   538                           ;	Data EEPROM Write Protection bit
   539                           ;	WRTD = OFF, Data EEPROM is not write-protected
   540  30000B                     	org	3145739
   541  30000B  E0                 	db	224
   542                           
   543                           ;Config register CONFIG7L @ 0x30000C
   544                           ;	Table Read Protection bit
   545                           ;	EBTR0 = OFF, Block 0 (000800-001FFFh) is not protected from table reads executed in ot
      +                          her blocks
   546                           ;	Table Read Protection bit
   547                           ;	EBTR1 = OFF, Block 1 (002000-003FFFh) is not protected from table reads executed in ot
      +                          her blocks
   548                           ;	Table Read Protection bit
   549                           ;	EBTR2 = OFF, Block 2 (004000-005FFFh) is not protected from table reads executed in ot
      +                          her blocks
   550                           ;	Table Read Protection bit
   551                           ;	EBTR3 = OFF, Block 3 (006000-007FFFh) is not protected from table reads executed in ot
      +                          her blocks
   552  30000C                     	org	3145740
   553  30000C  0F                 	db	15
   554                           
   555                           ;Config register CONFIG7H @ 0x30000D
   556                           ;	Boot Block Table Read Protection bit
   557                           ;	EBTRB = OFF, Boot block (000000-0007FFh) is not protected from table reads executed in
      +                           other blocks
   558  30000D                     	org	3145741
   559  30000D  40                 	db	64
   560                           tosu	equ	0xFFF
   561                           tosh	equ	0xFFE
   562                           tosl	equ	0xFFD
   563                           stkptr	equ	0xFFC
   564                           pclatu	equ	0xFFB
   565                           pclath	equ	0xFFA
   566                           pcl	equ	0xFF9
   567                           tblptru	equ	0xFF8
   568                           tblptrh	equ	0xFF7
   569                           tblptrl	equ	0xFF6
   570                           tablat	equ	0xFF5
   571                           prodh	equ	0xFF4
   572                           prodl	equ	0xFF3
   573                           indf0	equ	0xFEF
   574                           postinc0	equ	0xFEE
   575                           postdec0	equ	0xFED
   576                           preinc0	equ	0xFEC
   577                           plusw0	equ	0xFEB
   578                           fsr0h	equ	0xFEA
   579                           fsr0l	equ	0xFE9
   580                           wreg	equ	0xFE8
   581                           indf1	equ	0xFE7
   582                           postinc1	equ	0xFE6
   583                           postdec1	equ	0xFE5
   584                           preinc1	equ	0xFE4
   585                           plusw1	equ	0xFE3
   586                           fsr1h	equ	0xFE2
   587                           fsr1l	equ	0xFE1
   588                           bsr	equ	0xFE0
   589                           indf2	equ	0xFDF
   590                           postinc2	equ	0xFDE
   591                           postdec2	equ	0xFDD
   592                           preinc2	equ	0xFDC
   593                           plusw2	equ	0xFDB
   594                           fsr2h	equ	0xFDA
   595                           fsr2l	equ	0xFD9
   596                           status	equ	0xFD8

Data Sizes:
    Strings     0
    Constant    0
    Data        0
    BSS         0
    Persistent  0
    Stack       0

Auto Spaces:
    Space          Size  Autos    Used
    COMRAM           95      3       3
    BANK0           160      0       0
    BANK1           256      0       0
    BANK2           256      0       0
    BANK3           256      0       0
    BANK4           256      0       0
    BANK5           256      0       0
    BANK6           256      0       0
    BANK7           256      0       0

Pointer List with Targets:

    None.

Critical Paths under _main in COMRAM

    None.

Critical Paths under _main in BANK0

    None.

Critical Paths under _main in BANK1

    None.

Critical Paths under _main in BANK2

    None.

Critical Paths under _main in BANK3

    None.

Critical Paths under _main in BANK4

    None.

Critical Paths under _main in BANK5

    None.

Critical Paths under _main in BANK6

    None.

Critical Paths under _main in BANK7

    None.

Call Graph Tables:

 ---------------------------------------------------------------------------------
 (Depth) Function   	        Calls       Base Space   Used Autos Params    Refs
 ---------------------------------------------------------------------------------
 (0) _main                                                 3     3      0      15
                                              0 COMRAM     3     3      0
 ---------------------------------------------------------------------------------
 Estimated maximum stack depth 0
 ---------------------------------------------------------------------------------

 Call Graph Graphs:

 _main (ROOT)

 Address spaces:
Name               Size   Autos  Total    Cost      Usage
BITCOMRAM           5F      0       0       0        0.0%
EEDATA             100      0       0       0        0.0%
NULL                 0      0       0       0        0.0%
CODE                 0      0       0       0        0.0%
COMRAM              5F      3       3       1        3.2%
STACK                0      0       0       2        0.0%
DATA                 0      0       0       3        0.0%
BITBANK0            A0      0       0       4        0.0%
BANK0               A0      0       0       5        0.0%
BITBANK1           100      0       0       6        0.0%
BANK1              100      0       0       7        0.0%
BITBANK2           100      0       0       8        0.0%
BANK2              100      0       0       9        0.0%
BITBANK3           100      0       0      10        0.0%
BANK3              100      0       0      11        0.0%
BITBANK4           100      0       0      12        0.0%
BANK4              100      0       0      13        0.0%
BITBANK5           100      0       0      14        0.0%
BANK5              100      0       0      15        0.0%
BITBANK6           100      0       0      16        0.0%
BANK6              100      0       0      17        0.0%
BITBANK7           100      0       0      18        0.0%
BANK7              100      0       0      19        0.0%
ABS                  0      0       0      20        0.0%
BIGRAM             7FF      0       0      21        0.0%
BITSFR               0      0       0     200        0.0%
SFR                  0      0       0     200        0.0%


Microchip Technology PIC18 Macro Assembler V2.32 build 20210201212658 
Symbol Table                                                                                   Wed Jun 26 12:40:25 2024

                     l41 7F04                       l43 7F0C                       u17 7FEE  
                    l740 7EDC                      l732 7EC0                      l750 7EEA  
                    l742 7EDE                      l734 7ED0                      l760 7F32  
                    l752 7EFA                      l744 7EE2                      l736 7ED4  
                    l770 7F64                      l762 7F3C                      l754 7F14  
                    l746 7EE6                      l738 7ED8                      l772 7F6E  
                    l764 7F46                      l756 7F1E                      l748 7EE8  
                    l766 7F50                      l758 7F28                      l768 7F5A  
                    l776 7F76                      l778 7FE8                      l788 7F8A  
                    wreg 000FE8                     _LATA 000F89                     _LATB 000F8A  
                   _LATC 000F8B                     _LATD 000F8C                     _UCFG 000F6F  
                   _UCON 000F6D                     _main 7EC0                     start 0000  
           ___param_bank 000000                    ?_main 0001                    _CMCON 000FB4  
                  _PORTA 000F80                    _PORTB 000F81                    _PORTC 000F82  
                  _PORTD 000F83                    _TRISA 000F92                    _TRISB 000F93  
                  _TRISC 000F94                    _TRISD 000F95                    status 000FD8  
        __initialization 7EB6             __end_of_main 8000                   ??_main 0001  
          __activetblptr 000002                   _ADCON1 000FC1                   isa$std 000001  
                 tblptru 000FF8               __accesstop 0060  __end_of__initialization 7EB6  
          ___rparam_used 000001           __pcstackCOMRAM 0001                  __Hparam 0000  
                __Lparam 0000                  __pcinit 7EB6                  __ramtop 0800  
                __ptext0 7EC0     end_of_initialization 7EB6            __Lmediumconst 0000  
    start_initialization 7EB6                 __Hrparam 0000                 __Lrparam 0000  
          __size_of_main 0140                 isa$xinst 000000                 main@data 0003  
